Build started 12/20/2015 7:03:55 PM.
     1>Project "C:\Users\admir\documents\visual studio 2015\Projects\Slava\Slava\Slava.vcxproj" on node 2 (Build target(s)).
     1>ClCompile:
         C:\Program Files (x86)\Microsoft Visual Studio 14.0\VC\bin\CL.exe /c /I"C:\Users\admir\Downloads\SFML-2.3.2\include" /ZI /nologo /W3 /WX- /sdl /Od /Oy- /D _MBCS /Gm /EHsc /RTC1 /MDd /GS /fp:precise /Zc:wchar_t /Zc:forScope /Zc:inline /Fo"Debug\\" /Fd"Debug\vc140.pdb" /Gd /TP /analyze- /errorReport:prompt EnemyController.cpp
         EnemyController.cpp
     1>c:\users\admir\documents\visual studio 2015\projects\slava\slava\enemycontroller.cpp(16): warning C4244: 'initializing': conversion from 'const float' to 'int', possible loss of data
     1>c:\users\admir\documents\visual studio 2015\projects\slava\slava\enemycontroller.cpp(17): warning C4244: 'initializing': conversion from 'const float' to 'int', possible loss of data
     1>c:\users\admir\documents\visual studio 2015\projects\slava\slava\enemycontroller.cpp(19): warning C4244: 'initializing': conversion from 'const float' to 'int', possible loss of data
     1>c:\users\admir\documents\visual studio 2015\projects\slava\slava\enemycontroller.cpp(20): warning C4244: 'initializing': conversion from 'const float' to 'int', possible loss of data
     1>c:\users\admir\documents\visual studio 2015\projects\slava\slava\enemycontroller.cpp(22): warning C4244: '+=': conversion from 'float' to 'int', possible loss of data
     1>c:\users\admir\documents\visual studio 2015\projects\slava\slava\enemycontroller.cpp(23): warning C4244: '+=': conversion from 'float' to 'int', possible loss of data
     1>c:\users\admir\documents\visual studio 2015\projects\slava\slava\enemycontroller.cpp(25): warning C4244: '+=': conversion from 'float' to 'int', possible loss of data
     1>c:\users\admir\documents\visual studio 2015\projects\slava\slava\enemycontroller.cpp(26): warning C4244: '+=': conversion from 'float' to 'int', possible loss of data
       Link:
         C:\Program Files (x86)\Microsoft Visual Studio 14.0\VC\bin\link.exe /ERRORREPORT:PROMPT /OUT:"C:\Users\admir\documents\visual studio 2015\Projects\Slava\Debug\Slava.exe" /INCREMENTAL /NOLOGO /LIBPATH:"C:\Users\admir\Downloads\SFML-2.3.2\lib" "sfml-graphics-d.lib" "sfml-window-d.lib" "sfml-system-d.lib" kernel32.lib user32.lib gdi32.lib winspool.lib comdlg32.lib advapi32.lib shell32.lib ole32.lib oleaut32.lib uuid.lib odbc32.lib odbccp32.lib /MANIFEST /MANIFESTUAC:"level='asInvoker' uiAccess='false'" /manifest:embed /Debug /PDB:"C:\Users\admir\documents\visual studio 2015\Projects\Slava\Debug\Slava.pdb" /TLBID:1 /DYNAMICBASE /NXCOMPAT /IMPLIB:"C:\Users\admir\documents\visual studio 2015\Projects\Slava\Debug\Slava.lib" /MACHINE:X86 Debug\Camera.obj
         Debug\Character.obj
         Debug\EnemyController.obj
         Debug\HUD.obj
         Debug\main.obj
         Slava.vcxproj -> C:\Users\admir\documents\visual studio 2015\Projects\Slava\Debug\Slava.exe
     1>Done Building Project "C:\Users\admir\documents\visual studio 2015\Projects\Slava\Slava\Slava.vcxproj" (Build target(s)).

Build succeeded.

Time Elapsed 00:00:01.63
